im/TUIConversation/tuiconversation/build/outputs/logs/manifest-merger-debug-report.txt
-- Merging decision tree log ---
manifest
ADDED from src\main\AndroidManifest.xml:2:1-33:12
INJECTED from src\main\AndroidManifest.xml:2:1-33:12
	package
		INJECTED from src\main\AndroidManifest.xml
	xmlns:android
		ADDED from src\main\AndroidManifest.xml:2:11-69
application
ADDED from src\main\AndroidManifest.xml:4:5-31:19
activity#com.tencent.qcloud.tuikit.tuiconversation.classicui.page.TUIForwardSelectActivity
ADDED from src\main\AndroidManifest.xml:7:9-9:52
	android:screenOrientation
		ADDED from src\main\AndroidManifest.xml:9:13-49
	android:name
		ADDED from src\main\AndroidManifest.xml:8:13-109
activity#com.tencent.qcloud.tuikit.tuiconversation.classicui.page.TUIFoldedConversationActivity
ADDED from src\main\AndroidManifest.xml:11:9-13:52
	android:screenOrientation
		ADDED from src\main\AndroidManifest.xml:13:13-49
	android:name
		ADDED from src\main\AndroidManifest.xml:12:13-114
activity#com.tencent.qcloud.tuikit.tuiconversation.minimalistui.page.TUIForwardSelectMinimalistActivity
ADDED from src\main\AndroidManifest.xml:21:9-24:52
	android:screenOrientation
		ADDED from src\main\AndroidManifest.xml:24:13-49
	android:theme
		ADDED from src\main\AndroidManifest.xml:23:13-75
	android:name
		ADDED from src\main\AndroidManifest.xml:22:13-122
activity#com.tencent.qcloud.tuikit.tuiconversation.minimalistui.page.TUIFoldedConversationMinimalistActivity
ADDED from src\main\AndroidManifest.xml:26:9-28:52
	android:screenOrientation
		ADDED from src\main\AndroidManifest.xml:28:13-49
	android:name
		ADDED from src\main\AndroidManifest.xml:27:13-127
uses-sdk
INJECTED from src\main\AndroidManifest.xml reason: use-sdk injection requested
INJECTED from src\main\AndroidManifest.xml
INJECTED from src\main\AndroidManifest.xml
	android:targetSdkVersion
		INJECTED from src\main\AndroidManifest.xml
	android:minSdkVersion
		INJECTED from src\main\AndroidManifest.xml